<?xml version="1.0" encoding="UTF-8"?>
<!-- Generated by org.testng.reporters.JUnitReportReporter -->
<testsuite hostname="DESKTOP-T5GPK8K" failures="0" tests="1" name="com.qa.ShippingRateCalculator.test.Testclass" time="4.762" errors="0" timestamp="2025-03-26T11:58:07 SGT" skipped="0">
  <testcase classname="com.qa.ShippingRateCalculator.test.Testclass" name="TestShippingQuote" time="4.762"/>
</testsuite> <!-- com.qa.ShippingRateCalculator.test.Testclass -->
